<?xml version="1.0" encoding="UTF-8"?>
<!-- Generated by org.testng.reporters.JUnitXMLReporter -->
<testsuite ignored="0" hostname="MAVCHN1121165" failures="0" tests="2" name="BankingApp test" time="67.119" errors="0" timestamp="2024-07-18T13:46:49 IST">
  <testcase classname="com.netbanking.testCases.TC_LoginTest_001" name="loginTest" time="5.159"/>
  <testcase classname="com.netbanking.testCases.TC_AddCustomerTest_003" name="addNewCustomer" time="25.009"/>
</testsuite> <!-- BankingApp test -->
