<?xml version="1.0" encoding="UTF-8"?>
<testng-results ignored="0" total="2" passed="2" failed="0" skipped="0">
  <reporter-output>
  </reporter-output>
  <suite started-at="2024-07-18T13:45:42 IST" name="NetBanking" finished-at="2024-07-18T13:46:49 IST" duration-ms="67119">
    <groups>
    </groups>
    <test started-at="2024-07-18T13:45:42 IST" name="BankingApp test" finished-at="2024-07-18T13:46:49 IST" duration-ms="67119">
      <class name="com.netbanking.testCases.TC_AddCustomerTest_003">
        <test-method is-config="true" signature="setup(java.lang.String)[pri:0, instance:com.netbanking.testCases.TC_AddCustomerTest_003@6d9f7a80]" started-at="2024-07-18T13:46:08 IST" name="setup" finished-at="2024-07-18T13:46:20 IST" duration-ms="11661" status="PASS">
          <params>
            <param index="0">
              <value>
                <![CDATA[chrome]]>
              </value>
            </param>
          </params>
          <reporter-output>
          </reporter-output>
        </test-method> <!-- setup -->
        <test-method signature="addNewCustomer()[pri:0, instance:com.netbanking.testCases.TC_AddCustomerTest_003@6d9f7a80]" started-at="2024-07-18T13:46:20 IST" name="addNewCustomer" finished-at="2024-07-18T13:46:45 IST" duration-ms="25009" status="PASS">
          <reporter-output>
          </reporter-output>
        </test-method> <!-- addNewCustomer -->
        <test-method is-config="true" signature="tearDown()[pri:0, instance:com.netbanking.testCases.TC_AddCustomerTest_003@6d9f7a80]" started-at="2024-07-18T13:46:45 IST" name="tearDown" finished-at="2024-07-18T13:46:49 IST" duration-ms="4666" status="PASS">
          <reporter-output>
          </reporter-output>
        </test-method> <!-- tearDown -->
      </class> <!-- com.netbanking.testCases.TC_AddCustomerTest_003 -->
      <class name="com.netbanking.testCases.TC_LoginTest_001">
        <test-method is-config="true" signature="setup(java.lang.String)[pri:0, instance:com.netbanking.testCases.TC_LoginTest_001@c4ed84]" started-at="2024-07-18T13:45:44 IST" name="setup" finished-at="2024-07-18T13:45:59 IST" duration-ms="14680" status="PASS">
          <params>
            <param index="0">
              <value>
                <![CDATA[chrome]]>
              </value>
            </param>
          </params>
          <reporter-output>
          </reporter-output>
        </test-method> <!-- setup -->
        <test-method signature="loginTest()[pri:0, instance:com.netbanking.testCases.TC_LoginTest_001@c4ed84]" started-at="2024-07-18T13:45:59 IST" name="loginTest" finished-at="2024-07-18T13:46:04 IST" duration-ms="5159" status="PASS">
          <reporter-output>
          </reporter-output>
        </test-method> <!-- loginTest -->
        <test-method is-config="true" signature="tearDown()[pri:0, instance:com.netbanking.testCases.TC_LoginTest_001@c4ed84]" started-at="2024-07-18T13:46:04 IST" name="tearDown" finished-at="2024-07-18T13:46:08 IST" duration-ms="4273" status="PASS">
          <reporter-output>
          </reporter-output>
        </test-method> <!-- tearDown -->
      </class> <!-- com.netbanking.testCases.TC_LoginTest_001 -->
    </test> <!-- BankingApp test -->
  </suite> <!-- NetBanking -->
</testng-results>
