<?xml version="1.0" encoding="UTF-8"?>
<testsuite xmlns:xsi="http://www.w3.org/2001/XMLSchema-instance" xsi:noNamespaceSchemaLocation="https://maven.apache.org/surefire/maven-surefire-plugin/xsd/surefire-test-report-3.0.xsd" version="3.0" name="TestSuite" time="72.558" tests="2" errors="0" skipped="0" failures="0">
  <properties>
[...]
</properties>
  <testcase name="loginTest" classname="com.netbanking.testCases.TC_LoginTest_001" time="5.137">
    <system-out><![CDATA[2024-07-18 13:45:39,976 main DEBUG Apache Log4j Core 2.14.1 initializing configuration XmlConfiguration[location=C:\Users\venkatesanm\eclipse-workspace\Automation\target\classes\log4j2.xml]
2024-07-18 13:45:40,013 main DEBUG Installed 0 script engines
2024-07-18 13:45:40,015 main DEBUG PluginManager 'Core' found 122 plugins
2024-07-18 13:45:40,017 main DEBUG PluginManager 'Level' found 0 plugins
2024-07-18 13:45:40,031 main ERROR Error processing element TextPaneAppender ([Appenders: null]): CLASS_NOT_FOUND
2024-07-18 13:45:40,046 main DEBUG PluginManager 'Lookup' found 16 plugins
2024-07-18 13:45:40,066 main DEBUG Building Plugin[name=layout, class=org.apache.logging.log4j.core.layout.PatternLayout].
2024-07-18 13:45:40,143 main DEBUG PluginManager 'TypeConverter' found 26 plugins
2024-07-18 13:45:40,205 main DEBUG PatternLayout$Builder(pattern="[%-5level] %d{HH:mm:ss.SSS} [%t] %c{1} - %msg%n", PatternSelector=null, Configuration(C:\Users\venkatesanm\eclipse-workspace\Automation\target\classes\log4j2.xml), Replace=null, charset="null", alwaysWriteExceptions="null", disableAnsi="null", noConsoleNoAnsi="null", header="null", footer="null")
2024-07-18 13:45:40,206 main DEBUG PluginManager 'Converter' found 44 plugins
2024-07-18 13:45:40,209 main DEBUG Building Plugin[name=appender, class=org.apache.logging.log4j.core.appender.ConsoleAppender].
2024-07-18 13:45:40,251 main DEBUG ConsoleAppender$Builder(target="SYSTEM_OUT", follow="null", direct="null", bufferedIo="null", bufferSize="null", immediateFlush="null", ignoreExceptions="null", PatternLayout([%-5level] %d{HH:mm:ss.SSS} [%t] %c{1} - %msg%n), name="ConsoleAppender", Configuration(C:\Users\venkatesanm\eclipse-workspace\Automation\target\classes\log4j2.xml), Filter=null, ={})
2024-07-18 13:45:40,267 main DEBUG Starting OutputStreamManager SYSTEM_OUT.false.false
2024-07-18 13:45:40,269 main DEBUG Building Plugin[name=layout, class=org.apache.logging.log4j.core.layout.PatternLayout].
2024-07-18 13:45:40,274 main DEBUG PatternLayout$Builder(pattern="[%-5level] %d{yyyy-MM-dd HH:mm:ss.SSS} [%t] %c{1} - %msg%n", PatternSelector=null, Configuration(C:\Users\venkatesanm\eclipse-workspace\Automation\target\classes\log4j2.xml), Replace=null, charset="null", alwaysWriteExceptions="null", disableAnsi="null", noConsoleNoAnsi="null", header="null", footer="null")
2024-07-18 13:45:40,344 main DEBUG Building Plugin[name=appender, class=org.apache.logging.log4j.core.appender.RandomAccessFileAppender].
2024-07-18 13:45:40,356 main DEBUG RandomAccessFileAppender$Builder(fileName="Logs/ErrorLog.log", append="true", advertise="null", advertiseURI="null", bufferedIo="null", bufferSize="null", immediateFlush="false", ignoreExceptions="null", PatternLayout([%-5level] %d{yyyy-MM-dd HH:mm:ss.SSS} [%t] %c{1} - %msg%n), name="RandomAccessFileAppenderError", Configuration(C:\Users\venkatesanm\eclipse-workspace\Automation\target\classes\log4j2.xml), Filter=null, ={})
2024-07-18 13:45:40,373 main DEBUG Starting RandomAccessFileManager Logs/ErrorLog.log
2024-07-18 13:45:40,374 main DEBUG Building Plugin[name=layout, class=org.apache.logging.log4j.core.layout.PatternLayout].
2024-07-18 13:45:40,376 main DEBUG PatternLayout$Builder(pattern="[%-5level] %d{yyyy-MM-dd HH:mm:ss.SSS} [%t] %c{1} - %msg%n", PatternSelector=null, Configuration(C:\Users\venkatesanm\eclipse-workspace\Automation\target\classes\log4j2.xml), Replace=null, charset="null", alwaysWriteExceptions="null", disableAnsi="null", noConsoleNoAnsi="null", header="null", footer="null")
2024-07-18 13:45:40,381 main DEBUG Building Plugin[name=appender, class=org.apache.logging.log4j.core.appender.RandomAccessFileAppender].
2024-07-18 13:45:40,384 main DEBUG RandomAccessFileAppender$Builder(fileName="Logs/InfoLog.log", append="false", advertise="null", advertiseURI="null", bufferedIo="null", bufferSize="null", immediateFlush="false", ignoreExceptions="null", PatternLayout([%-5level] %d{yyyy-MM-dd HH:mm:ss.SSS} [%t] %c{1} - %msg%n), name="RandomAccessFileAppenderInfo", Configuration(C:\Users\venkatesanm\eclipse-workspace\Automation\target\classes\log4j2.xml), Filter=null, ={})
2024-07-18 13:45:40,395 main DEBUG Starting RandomAccessFileManager Logs/InfoLog.log
2024-07-18 13:45:40,397 main DEBUG Building Plugin[name=layout, class=org.apache.logging.log4j.core.layout.PatternLayout].
2024-07-18 13:45:40,401 main DEBUG PatternLayout$Builder(pattern="[%-5level] %d{yyyy-MM-dd HH:mm:ss.SSS} [%t] %c{1} - %msg%n", PatternSelector=null, Configuration(C:\Users\venkatesanm\eclipse-workspace\Automation\target\classes\log4j2.xml), Replace=null, charset="null", alwaysWriteExceptions="null", disableAnsi="null", noConsoleNoAnsi="null", header="null", footer="null")
2024-07-18 13:45:40,406 main DEBUG Building Plugin[name=appender, class=org.apache.logging.log4j.core.appender.RandomAccessFileAppender].
2024-07-18 13:45:40,410 main DEBUG RandomAccessFileAppender$Builder(fileName="Logs/TraceLog.log", append="false", advertise="null", advertiseURI="null", bufferedIo="null", bufferSize="null", immediateFlush="false", ignoreExceptions="null", PatternLayout([%-5level] %d{yyyy-MM-dd HH:mm:ss.SSS} [%t] %c{1} - %msg%n), name="RandomAccessFileAppenderTrace", Configuration(C:\Users\venkatesanm\eclipse-workspace\Automation\target\classes\log4j2.xml), Filter=null, ={})
2024-07-18 13:45:40,418 main DEBUG Starting RandomAccessFileManager Logs/TraceLog.log
2024-07-18 13:45:40,421 main DEBUG Building Plugin[name=appenders, class=org.apache.logging.log4j.core.config.AppendersPlugin].
2024-07-18 13:45:40,431 main DEBUG createAppenders(={ConsoleAppender, RandomAccessFileAppenderError, RandomAccessFileAppenderInfo, RandomAccessFileAppenderTrace})
2024-07-18 13:45:40,432 main DEBUG Building Plugin[name=AppenderRef, class=org.apache.logging.log4j.core.config.AppenderRef].
2024-07-18 13:45:40,455 main DEBUG createAppenderRef(ref="RandomAccessFileAppenderError", level="ERROR", Filter=null)
2024-07-18 13:45:40,457 main DEBUG Building Plugin[name=AppenderRef, class=org.apache.logging.log4j.core.config.AppenderRef].
2024-07-18 13:45:40,461 main DEBUG createAppenderRef(ref="RandomAccessFileAppenderInfo", level="INFO", Filter=null)
2024-07-18 13:45:40,462 main DEBUG Building Plugin[name=AppenderRef, class=org.apache.logging.log4j.core.config.AppenderRef].
2024-07-18 13:45:40,464 main DEBUG createAppenderRef(ref="RandomAccessFileAppenderTrace", level="null", Filter=null)
2024-07-18 13:45:40,466 main DEBUG Building Plugin[name=AppenderRef, class=org.apache.logging.log4j.core.config.AppenderRef].
2024-07-18 13:45:40,468 main DEBUG createAppenderRef(ref="ConsoleAppender", level="INFO", Filter=null)
2024-07-18 13:45:40,469 main DEBUG Building Plugin[name=AppenderRef, class=org.apache.logging.log4j.core.config.AppenderRef].
2024-07-18 13:45:40,472 main DEBUG createAppenderRef(ref="VisualAppender", level="TRACE", Filter=null)
2024-07-18 13:45:40,474 main DEBUG Building Plugin[name=root, class=org.apache.logging.log4j.core.config.LoggerConfig$RootLogger].
2024-07-18 13:45:40,478 main DEBUG createLogger(additivity="null", level="TRACE", includeLocation="false", ={RandomAccessFileAppenderError, RandomAccessFileAppenderInfo, RandomAccessFileAppenderTrace, ConsoleAppender, VisualAppender}, ={}, Configuration(C:\Users\venkatesanm\eclipse-workspace\Automation\target\classes\log4j2.xml), Filter=null)
2024-07-18 13:45:40,486 main DEBUG Building Plugin[name=loggers, class=org.apache.logging.log4j.core.config.LoggersPlugin].
2024-07-18 13:45:40,490 main DEBUG createLoggers(={root})
2024-07-18 13:45:40,492 main ERROR Unable to locate appender "VisualAppender" for logger config "root"
2024-07-18 13:45:40,494 main DEBUG Configuration XmlConfiguration[location=C:\Users\venkatesanm\eclipse-workspace\Automation\target\classes\log4j2.xml] initialized
2024-07-18 13:45:40,496 main DEBUG Starting configuration XmlConfiguration[location=C:\Users\venkatesanm\eclipse-workspace\Automation\target\classes\log4j2.xml]
2024-07-18 13:45:40,500 main DEBUG Log4j2 ConfigurationScheduler starting 1 threads
2024-07-18 13:45:40,507 main DEBUG Started configuration XmlConfiguration[location=C:\Users\venkatesanm\eclipse-workspace\Automation\target\classes\log4j2.xml] OK.
2024-07-18 13:45:40,512 main DEBUG Shutting down OutputStreamManager SYSTEM_OUT.false.false-1
2024-07-18 13:45:40,513 main DEBUG OutputStream closed
2024-07-18 13:45:40,513 main DEBUG Shut down OutputStreamManager SYSTEM_OUT.false.false-1, all resources released: true
2024-07-18 13:45:40,514 main DEBUG Appender DefaultConsole-1 stopped with status true
2024-07-18 13:45:40,515 main DEBUG Stopped org.apache.logging.log4j.core.config.DefaultConfiguration@548ad73b OK
2024-07-18 13:45:40,864 main DEBUG Registering MBean org.apache.logging.log4j2:type=AsyncContext@73d16e93
2024-07-18 13:45:40,877 main DEBUG Registering MBean org.apache.logging.log4j2:type=AsyncContext@73d16e93,component=AsyncLoggerRingBuffer
2024-07-18 13:45:40,884 main DEBUG Registering MBean org.apache.logging.log4j2:type=AsyncContext@73d16e93,component=StatusLogger
2024-07-18 13:45:40,894 main DEBUG Registering MBean org.apache.logging.log4j2:type=AsyncContext@73d16e93,component=ContextSelector
2024-07-18 13:45:40,898 main DEBUG Registering MBean org.apache.logging.log4j2:type=AsyncContext@73d16e93,component=Loggers,name=
2024-07-18 13:45:40,905 main DEBUG Registering MBean org.apache.logging.log4j2:type=AsyncContext@73d16e93,component=Appenders,name=ConsoleAppender
2024-07-18 13:45:40,907 main DEBUG Registering MBean org.apache.logging.log4j2:type=AsyncContext@73d16e93,component=Appenders,name=RandomAccessFileAppenderInfo
2024-07-18 13:45:40,908 main DEBUG Registering MBean org.apache.logging.log4j2:type=AsyncContext@73d16e93,component=Appenders,name=RandomAccessFileAppenderError
2024-07-18 13:45:40,910 main DEBUG Registering MBean org.apache.logging.log4j2:type=AsyncContext@73d16e93,component=Appenders,name=RandomAccessFileAppenderTrace
2024-07-18 13:45:40,917 main DEBUG org.apache.logging.log4j.core.util.SystemClock supports precise timestamps.
2024-07-18 13:45:40,920 main DEBUG Reconfiguration complete for context[name=AsyncContext@73d16e93] at URI C:\Users\venkatesanm\eclipse-workspace\Automation\target\classes\log4j2.xml (org.apache.logging.log4j.core.async.AsyncLoggerContext@4c2bb6e0) with optional ClassLoader: null
2024-07-18 13:45:40,921 main DEBUG Shutdown hook enabled. Registering a new one.
2024-07-18 13:45:40,927 main DEBUG LoggerContext[name=AsyncContext@73d16e93, org.apache.logging.log4j.core.async.AsyncLoggerContext@4c2bb6e0] started OK.
2024-07-18 13:45:40,955 main DEBUG org.apache.logging.log4j.core.util.SystemClock supports precise timestamps.
2024-07-18 13:45:40,957 main DEBUG AsyncLogger.ThreadNameStrategy=UNCACHED (user specified null, default is UNCACHED)
]]></system-out>
    <system-err><![CDATA[Jul 18, 2024 1:45:55 PM org.openqa.selenium.devtools.CdpVersionFinder findNearestMatch
WARNING: Unable to find an exact match for CDP version 126, returning the closest version; found: 124; Please update to a Selenium version that supports CDP version 126
]]></system-err>
  </testcase>
  <testcase name="addNewCustomer" classname="com.netbanking.testCases.TC_AddCustomerTest_003" time="25.009">
    <system-err><![CDATA[Jul 18, 2024 1:46:17 PM org.openqa.selenium.devtools.CdpVersionFinder findNearestMatch
WARNING: Unable to find an exact match for CDP version 126, returning the closest version; found: 124; Please update to a Selenium version that supports CDP version 126
]]></system-err>
  </testcase>
</testsuite>