<?xml version="1.0" encoding="UTF-8"?>
<testng-results ignored="0" total="1" passed="1" failed="0" skipped="0">
  <reporter-output>
  </reporter-output>
  <suite started-at="2024-07-17T14:22:11 IST" name="NetBanking" finished-at="2024-07-17T14:24:06 IST" duration-ms="115259">
    <groups>
    </groups>
    <test started-at="2024-07-17T14:22:11 IST" name="BankingApp test" finished-at="2024-07-17T14:24:06 IST" duration-ms="115259">
      <class name="com.netbanking.testCases.TC_LoginTest_001">
        <test-method is-config="true" signature="setup(java.lang.String)[pri:0, instance:com.netbanking.testCases.TC_LoginTest_001@4d6eb8cf]" started-at="2024-07-17T14:22:20 IST" name="setup" finished-at="2024-07-17T14:23:22 IST" duration-ms="61168" status="PASS">
          <params>
            <param index="0">
              <value>
                <![CDATA[chrome]]>
              </value>
            </param>
          </params>
          <reporter-output>
          </reporter-output>
        </test-method> <!-- setup -->
        <test-method signature="loginTest()[pri:0, instance:com.netbanking.testCases.TC_LoginTest_001@4d6eb8cf]" started-at="2024-07-17T14:23:22 IST" name="loginTest" finished-at="2024-07-17T14:23:44 IST" duration-ms="21980" status="PASS">
          <reporter-output>
          </reporter-output>
        </test-method> <!-- loginTest -->
        <test-method is-config="true" signature="tearDown()[pri:0, instance:com.netbanking.testCases.TC_LoginTest_001@4d6eb8cf]" started-at="2024-07-17T14:23:44 IST" name="tearDown" finished-at="2024-07-17T14:24:06 IST" duration-ms="22401" status="PASS">
          <reporter-output>
          </reporter-output>
        </test-method> <!-- tearDown -->
      </class> <!-- com.netbanking.testCases.TC_LoginTest_001 -->
    </test> <!-- BankingApp test -->
  </suite> <!-- NetBanking -->
</testng-results>
